---- Start Push at 01/07/2025 02:25:09 ----
==== Param Check at 01/07/2025 02:25:09 ====
RepoPath = C:\AutoGit (Length: 10)
UserName = lcw900914 (Length: 9)
RepoURL  = https://github.com/lcw900914/autoSave.git (Length: 41)
Branch   = master (Length: 6)
===================================
2025-01-07 02:25:09 - Committed changes.
2025-01-07 02:25:09 - Pulled latest changes.
2025-01-07 02:25:11 - Pushed changes successfully.
---- End Push ----

---- Start Push at 01/07/2025 02:29:01 ----
==== Param Check at 01/07/2025 02:29:01 ====
RepoPath = C:\AutoGit (Length: 10)
UserName = lcw900914 (Length: 9)
RepoURL  = https://github.com/lcw900914/autoSave.git (Length: 41)
Branch   = master (Length: 6)
===================================
2025-01-07 02:29:01 - Committed changes.
2025-01-07 02:29:01 - Pulled latest changes.
2025-01-07 02:29:01 - Pushed changes successfully.
---- End Push ----

---- Start Push at 01/07/2025 02:31:25 ----
==== Param Check at 01/07/2025 02:31:25 ====
RepoPath = C:\AutoGit (Length: 10)
UserName = lcw900914 (Length: 9)
RepoURL  = https://github.com/lcw900914/autoSave.git (Length: 41)
Branch   = master (Length: 6)
===================================
2025-01-07 02:31:25 - Committed changes.
2025-01-07 02:31:25 - Pulled latest changes.
2025-01-07 02:31:27 - Pushed changes successfully.
---- End Push ----

---- Start Push at 01/07/2025 02:33:51 ----
==== Param Check at 01/07/2025 02:33:51 ====
RepoPath = C:\AutoGit (Length: 10)
UserName = lcw900914 (Length: 9)
RepoURL  = https://github.com/lcw900914/autoSave.git (Length: 41)
Branch   = master (Length: 6)
===================================
2025-01-07 02:33:51 - Committed changes.
2025-01-07 02:33:51 - Pulled latest changes.
2025-01-07 02:33:53 - Pushed changes successfully.
---- End Push ----

---- Start Push at 01/07/2025 02:34:02 ----
==== Param Check at 01/07/2025 02:34:02 ====
RepoPath = C:\AutoGit (Length: 10)
UserName = lcw900914 (Length: 9)
RepoURL  = https://github.com/lcw900914/autoSave.git (Length: 41)
Branch   = master (Length: 6)
===================================
2025-01-07 02:34:02 - Committed changes.
2025-01-07 02:34:02 - Pulled latest changes.
2025-01-07 02:34:03 - Pushed changes successfully.
---- End Push ----

---- Start Push at 01/07/2025 02:35:02 ----
==== Param Check at 01/07/2025 02:35:02 ====
RepoPath = C:\AutoGit (Length: 10)
UserName = lcw900914 (Length: 9)
RepoURL  = https://github.com/lcw900914/autoSave.git (Length: 41)
Branch   = master (Length: 6)
===================================
2025-01-07 02:35:02 - Committed changes.
2025-01-07 02:35:02 - Pulled latest changes.
2025-01-07 02:35:03 - Pushed changes successfully.
---- End Push ----

---- Start Push at 01/07/2025 02:36:02 ----
==== Param Check at 01/07/2025 02:36:02 ====
RepoPath = C:\AutoGit (Length: 10)
UserName = lcw900914 (Length: 9)
RepoURL  = https://github.com/lcw900914/autoSave.git (Length: 41)
Branch   = master (Length: 6)
===================================
